Arguments: 
  C:\Program Files\nodejs\node.exe C:\Users\menta\AppData\Roaming\npm\node_modules\yarn\bin\yarn.js

PATH: 
  C:\Program Files (x86)\Common Files\Oracle\Java\javapath;C:\Program Files (x86)\Common Files\Intel\Shared Libraries\redist\intel64\compiler;C:\Program Files (x86)\Microsoft SDKs\Azure\CLI2\wbin;C:\Program Files\Java\jre1.8.0_301\bin;C:\Program Files\Oculus\Support\oculus-runtime;C:\Python38\Scripts\;C:\Python38\;C:\windows\system32;C:\windows;C:\windows\System32\Wbem;C:\windows\System32\WindowsPowerShell\v1.0\;C:\windows\System32\OpenSSH\;C:\Program Files (x86)\NVIDIA Corporation\PhysX\Common;C:\Program Files\NVIDIA Corporation\NVIDIA NvDLISR;C:\Program Files\Microsoft SQL Server\130\Tools\Binn\;C:\Program Files\Microsoft SQL Server\Client SDK\ODBC\170\Tools\Binn\;C:\ProgramData\chocolatey\bin;C:\Program Files\Git\cmd;C:\Program Files\Common Files\Autodesk Shared\;C:\Program Files\SourceGear\Common\DiffMerge\;C:\Program Files\TortoiseGit\bin;C:\Program Files\Microsoft\Azure Functions Core Tools\;C:\WINDOWS\system32;C:\WINDOWS;C:\WINDOWS\System32\Wbem;C:\WINDOWS\System32\WindowsPowerShell\v1.0\;C:\WINDOWS\System32\OpenSSH\;C:\Program Files (x86)\Microsoft SQL Server\150\DTS\Binn\;C:\Program Files\Azure Data Studio\bin;C:\Program Files (x86)\Certbot\bin;C:\Users\menta\AppData\Roaming\nvm;C:\Program Files\nodejs;C:\Program Files\dotnet\;C:\Program Files (x86)\Windows Kits\10\Windows Performance Toolkit\;C:\Program Files (x86)\Windows Kits\10\Microsoft Application Virtualization\Sequencer\;C:\Program Files\PowerShell\7\;C:\Users\menta\AppData\Local\Microsoft\WindowsApps;C:\Users\menta\AppData\Local\Programs\Microsoft VS Code\bin;C:\Tools\glslang\bin;C:\Users\menta\AppData\Local\GitHubDesktop\bin;C:\Users\menta\.dotnet\tools;C:\Users\menta\AppData\Local\gitkraken\bin;C:\Program Files\Azure Data Studio\bin;C:\Users\menta\AppData\Roaming\npm;C:\Users\menta\AppData\Local\Programs\IPFS Desktop\resources\app.asar.unpacked\src\ipfs-on-path\scripts\bin-win;C:\Users\menta\AppData\Roaming\nvm;C:\Program Files\nodejs;C:\Users\menta\AppData\Local\Markdown Monster;C:\Users\menta\.dotnet\tools

Yarn version: 
  1.22.10

Node version: 
  14.16.1

Platform: 
  win32 x64

Trace: 
  Error: https://registry.yarnpkg.com/Sorskoot: Not found
      at Request.params.callback [as _callback] (C:\Users\menta\AppData\Roaming\npm\node_modules\yarn\lib\cli.js:66988:18)
      at Request.self.callback (C:\Users\menta\AppData\Roaming\npm\node_modules\yarn\lib\cli.js:140662:22)
      at Request.emit (events.js:315:20)
      at Request.<anonymous> (C:\Users\menta\AppData\Roaming\npm\node_modules\yarn\lib\cli.js:141634:10)
      at Request.emit (events.js:315:20)
      at IncomingMessage.<anonymous> (C:\Users\menta\AppData\Roaming\npm\node_modules\yarn\lib\cli.js:141556:12)
      at Object.onceWrapper (events.js:421:28)
      at IncomingMessage.emit (events.js:327:22)
      at endReadableNT (internal/streams/readable.js:1327:12)
      at processTicksAndRejections (internal/process/task_queues.js:80:21)

npm manifest: 
  {
    "name": "HouseOfTheDead",
    "version": "1.0.0",
    "description": "Sorskoot's House Of The Dead\r ============================",
    "main": "index.js",
    "repository": {
      "type": "git",
      "url": "git+https://github.com/sorskoot/HouseOfTheDead.git"
    },
    "keywords": [],
    "author": "",
    "license": "ISC",
    "bugs": {
      "url": "https://github.com/sorskoot/HouseOfTheDead/issues"
    },
    "homepage": "https://github.com/sorskoot/HouseOfTheDead#readme",
    "scripts": {
      "build": "esbuild bundle.js --sourcemap --bundle --outfile=deploy/HouseOfTheDead-bundle.js",
      "wl": "\"\"C:\\Program Files\\Wonderland\\WonderlandEngine\\bin\\WonderlandEditor.exe\"\""
    },
    "devDependencies": {
      "esbuild": "^0.11.14"    
    },
    "dependencies": {
      "@wonderlandengine/api": "^0.8.9",
      "@wonderlandengine/components": "^0.8.13",
      "gl-matrix": "^3.3.0",
      "Sorskoot": "^1.0.0"
    }
  }

yarn manifest: 
  No manifest

Lockfile: 
  # THIS IS AN AUTOGENERATED FILE. DO NOT EDIT THIS FILE DIRECTLY.
  # yarn lockfile v1
  
  
  "@wonderlandengine/api@^0.8.5-1":
    version "0.8.9"
    resolved "https://registry.yarnpkg.com/@wonderlandengine/api/-/api-0.8.9.tgz#a495aefad105e5e36c887ff289c4b78e2be610f1"
    integrity sha512-8pWbqQjU1sLdkfb7WQvdpZI0PF5VU3AKlUrBujDkmZitySeGPztX2/+49+R+m6f7OtjtrDjVCZUBHo+49qYNiQ==
  
  "@wonderlandengine/components@^0.8.6":
    version "0.8.13"
    resolved "https://registry.yarnpkg.com/@wonderlandengine/components/-/components-0.8.13.tgz#286655db5514cf7932f57d5162f13fe6c5c85a26"
    integrity sha512-7wsW3qP1hwO3kKiExOzwk3Y608LrLHqzTI/BGrlQItXtYBs/NC6bbyDuge8tidtW8IhfmNdIlYC3cP+3YlSdvA==
    dependencies:
      gl-matrix "^3.3.0"
      howler "^2.2.1"
  
  esbuild@^0.11.14:
    version "0.11.23"
    resolved "https://registry.yarnpkg.com/esbuild/-/esbuild-0.11.23.tgz#c42534f632e165120671d64db67883634333b4b8"
    integrity sha512-iaiZZ9vUF5wJV8ob1tl+5aJTrwDczlvGP0JoMmnpC2B0ppiMCu8n8gmy5ZTGl5bcG081XBVn+U+jP+mPFm5T5Q==
  
  gl-matrix@^3.3.0:
    version "3.3.0"
    resolved "https://registry.yarnpkg.com/gl-matrix/-/gl-matrix-3.3.0.tgz#232eef60b1c8b30a28cbbe75b2caf6c48fd6358b"
    integrity sha512-COb7LDz+SXaHtl/h4LeaFcNdJdAQSDeVqjiIihSXNrkWObZLhDI4hIkZC11Aeqp7bcE72clzB0BnDXr2SmslRA==
  
  howler@^2.2.1:
    version "2.2.3"
    resolved "https://registry.yarnpkg.com/howler/-/howler-2.2.3.tgz#a2eff9b08b586798e7a2ee17a602a90df28715da"
    integrity sha512-QM0FFkw0LRX1PR8pNzJVAY25JhIWvbKMBFM4gqk+QdV+kPXOhleWGCB6AiAF/goGjIHK2e/nIElplvjQwhr0jg==
